<?xml version="1.0" encoding="utf-8"?>
<coverage line-rate="0.75" branch-rate="0.5" lines-covered="6" lines-valid="8" branches-covered="1" branches-valid="2" version="1.9">
  <packages>
    <package name="Wamage" line-rate="0.75" branch-rate="0.5">
      <classes>
        <class name="Wamage.Features.Persons.Person" filename="backend/Features/Persons/Person.cs" line-rate="0.75" branch-rate="0.5">
          <lines>
            <line number="10" hits="2" branch="false" />
            <line number="11" hits="2" branch="false" />
            <line number="12" hits="0" branch="false" />
            <line number="13" hits="1" branch="true" condition-coverage="50% (1/2)" />
            <line number="14" hits="0" branch="false" />
            <line number="15" hits="1" branch="false" />
            <line number="16" hits="1" branch="false" />
            <line number="17" hits="1" branch="false" />
          </lines>
        </class>
      </classes>
    </package>
  </packages>
</coverage>
